20:42:13.248  INFO  manager.Configuration - Test start with user-->User(email=sara@gmail.com, password=Ssara1234$)
20:42:13.580  INFO  manager.ListnerAppium - beforeBy.xpath: //*[@resource-id='com.example.svetlana.scheduler:id/log_email_input']
20:42:13.696  INFO  manager.ListnerAppium - afterBy.xpath: //*[@resource-id='com.example.svetlana.scheduler:id/log_email_input']
20:42:14.201  INFO  manager.ListnerAppium - beforeBy.xpath: //*[@resource-id='com.example.svetlana.scheduler:id/log_email_input']
20:42:14.265  INFO  manager.ListnerAppium - afterBy.xpath: //*[@resource-id='com.example.svetlana.scheduler:id/log_email_input']
20:42:14.774  INFO  manager.ListnerAppium - beforeBy.xpath: //*[@resource-id='com.example.svetlana.scheduler:id/log_email_input']
20:42:14.838  INFO  manager.ListnerAppium - afterBy.xpath: //*[@resource-id='com.example.svetlana.scheduler:id/log_email_input']
20:42:15.373  INFO  manager.ListnerAppium - beforeBy.xpath: //*[@resource-id='com.example.svetlana.scheduler:id/log_email_input']
20:42:15.438  INFO  manager.ListnerAppium - afterBy.xpath: //*[@resource-id='com.example.svetlana.scheduler:id/log_email_input']
20:42:15.949  INFO  manager.ListnerAppium - beforeBy.xpath: //*[@resource-id='com.example.svetlana.scheduler:id/log_email_input']
20:42:16.010  INFO  manager.ListnerAppium - afterBy.xpath: //*[@resource-id='com.example.svetlana.scheduler:id/log_email_input']
20:42:16.518  INFO  manager.ListnerAppium - beforeBy.xpath: //*[@resource-id='com.example.svetlana.scheduler:id/log_email_input']
20:42:17.126  INFO  manager.ListnerAppium - afterBy.xpath: //*[@resource-id='com.example.svetlana.scheduler:id/log_email_input']
20:42:17.213  INFO  manager.ListnerAppium - beforeBy.xpath: //*[@resource-id='com.example.svetlana.scheduler:id/log_email_input']
20:42:17.342  INFO  manager.ListnerAppium - afterBy.xpath: //*[@resource-id='com.example.svetlana.scheduler:id/log_email_input']
20:42:17.456  INFO  manager.ListnerAppium - beforeBy.xpath: //*[@resource-id='com.example.svetlana.scheduler:id/log_email_input']
20:42:18.223  INFO  manager.ListnerAppium - afterBy.xpath: //*[@resource-id='com.example.svetlana.scheduler:id/log_email_input']
20:42:18.314  INFO  manager.ListnerAppium - beforeBy.xpath: //*[@resource-id='com.example.svetlana.scheduler:id/log_email_input']
20:42:19.600  INFO  manager.ListnerAppium - afterBy.xpath: //*[@resource-id='com.example.svetlana.scheduler:id/log_email_input']
20:42:20.597  INFO  manager.ListnerAppium - beforeBy.xpath: //*[@resource-id='com.example.svetlana.scheduler:id/log_password_input']
20:42:21.345  INFO  manager.ListnerAppium - afterBy.xpath: //*[@resource-id='com.example.svetlana.scheduler:id/log_password_input']
20:42:21.408  INFO  manager.ListnerAppium - beforeBy.xpath: //*[@resource-id='com.example.svetlana.scheduler:id/log_password_input']
20:42:22.081  INFO  manager.ListnerAppium - afterBy.xpath: //*[@resource-id='com.example.svetlana.scheduler:id/log_password_input']
20:42:22.121  INFO  manager.ListnerAppium - beforeBy.xpath: //*[@resource-id='com.example.svetlana.scheduler:id/log_password_input']
20:42:22.851  INFO  manager.ListnerAppium - afterBy.xpath: //*[@resource-id='com.example.svetlana.scheduler:id/log_password_input']
20:42:24.891  INFO  manager.ListnerAppium - beforeBy.xpath: //*[@resource-id='com.example.svetlana.scheduler:id/login_btn']
20:42:25.402  INFO  manager.ListnerAppium - afterBy.xpath: //*[@resource-id='com.example.svetlana.scheduler:id/login_btn']
20:42:25.530  INFO  manager.ListnerAppium - beforeBy.xpath: //*[@resource-id='com.example.svetlana.scheduler:id/fab_main']
20:42:27.789  INFO  manager.ListnerAppium - afterBy.xpath: //*[@resource-id='com.example.svetlana.scheduler:id/fab_main']
20:42:27.834  INFO  manager.ListnerAppium - beforeBy.xpath: //*[@resource-id='com.example.svetlana.scheduler:id/fab_main']
20:42:28.376  INFO  manager.ListnerAppium - afterBy.xpath: //*[@resource-id='com.example.svetlana.scheduler:id/fab_main']
20:42:28.458  INFO  manager.ListnerAppium - beforeBy.xpath: //*[@content-desc='Open']
20:42:28.913  INFO  manager.ListnerAppium - afterBy.xpath: //*[@content-desc='Open']
20:42:28.946  INFO  manager.ListnerAppium - beforeBy.xpath: //*[@content-desc='Open']
20:42:29.373  INFO  manager.ListnerAppium - afterBy.xpath: //*[@content-desc='Open']
20:42:29.412  INFO  manager.ListnerAppium - beforeBy.xpath: //*[@content-desc='Open']
20:42:29.853  INFO  manager.ListnerAppium - afterBy.xpath: //*[@content-desc='Open']
20:42:29.901  INFO  manager.ListnerAppium - beforeBy.xpath: //*[@resource-id='com.example.svetlana.scheduler:id/nav_fr_logout']
20:42:31.279  INFO  manager.ListnerAppium - afterBy.xpath: //*[@resource-id='com.example.svetlana.scheduler:id/nav_fr_logout']
20:42:31.314  INFO  manager.ListnerAppium - beforeBy.xpath: //*[@resource-id='com.example.svetlana.scheduler:id/nav_fr_logout']
20:42:31.908  INFO  manager.ListnerAppium - afterBy.xpath: //*[@resource-id='com.example.svetlana.scheduler:id/nav_fr_logout']
20:42:31.944  INFO  manager.ListnerAppium - beforeBy.xpath: //*[@resource-id='com.example.svetlana.scheduler:id/nav_fr_logout']
20:42:32.458  INFO  manager.ListnerAppium - afterBy.xpath: //*[@resource-id='com.example.svetlana.scheduler:id/nav_fr_logout']
